[debug] > Exec(early(addDefaultCommands), None, None)
[debug] > Exec(addDefaultCommands, None, None)
[debug] > Exec(early(initialize), None, None)
[debug] > Exec(initialize, None, None)
[debug] > Exec(early(addPluginSbtFile="""C:\Users\lcord\AppData\Local\Temp\idea.sbt"""), None, None)
[debug] > Exec(addPluginSbtFile="""C:\Users\lcord\AppData\Local\Temp\idea.sbt""", None, None)
[debug] > Exec(boot, None, None)
[debug] > Exec(writeSbtVersion, None, None)
[debug] > Exec(reload, None, None)
[debug] > Exec(sbtStashOnFailure, None, None)
[debug] > Exec(onFailure loadFailed, None, None)
[debug] > Exec(loadp, None, None)
[info] welcome to sbt 1.10.7 (Oracle Corporation Java 17.0.11)
[debug] Load.defaultLoad until apply took 100.9508ms
[debug]           Load.loadUnit: plugins took 77.9153ms
[debug]           Load.loadUnit: defsScala took 0.2456ms
[debug] [Loading] Scanning directory C:\Users\lcord\Downloads\proyectoFinal\proyectoFinal\project
[debug]             Load.loadUnit: mkEval took 8.7872ms
[debug] [Loading] Found non-root projects 
[debug] [Loading] Done in C:\Users\lcord\Downloads\proyectoFinal\proyectoFinal\project, returning: ()
[debug] deducing auto plugins based on known facts Set(Atom(sbt.plugins.CorePlugin)) and clauses Clauses(Clause(Atom(sbt.plugins.JvmPlugin),Set(Atom(sbt.plugins.IvyPlugin)))
[debug] Clause(Atom(sbt.ScriptedPlugin),Set(Atom(sbt.plugins.JvmPlugin)))
[debug] Clause(Atom(sbt.plugins.SbtPlugin),Set(Atom(sbt.ScriptedPlugin)))
[debug] Clause(Atom(sbt.plugins.SemanticdbPlugin),Set(Atom(sbt.plugins.JvmPlugin)))
[debug] Clause(Atom(sbt.plugins.JUnitXmlReportPlugin),Set(Atom(sbt.plugins.JvmPlugin)))
[debug] Clause(Atom(sbt.plugins.MiniDependencyTreePlugin),Set(Atom(sbt.plugins.JvmPlugin)))
[debug] Clause(Atom(sbt.plugins.CorePlugin),Set(Atom(sbt.plugins.IvyPlugin)))
[debug] Clause(Atom(sbt.plugins.IvyPlugin),Set(Atom(sbt.plugins.JvmPlugin)))
[debug] Clause(Atom(sbt.plugins.JvmPlugin),Set(Atom(sbt.plugins.SemanticdbPlugin)))
[debug] Clause(Atom(sbt.plugins.JvmPlugin),Set(Atom(sbt.plugins.JUnitXmlReportPlugin)))
[debug] Clause(Atom(sbt.plugins.CorePlugin),Set(Atom(sbt.plugins.Giter8TemplatePlugin)))
[debug] Clause(Atom(sbt.plugins.JvmPlugin),Set(Atom(sbt.plugins.MiniDependencyTreePlugin))))
[debug]   :: deduced result: Matched(sbt.plugins.CorePlugin,sbt.plugins.Giter8TemplatePlugin,sbt.plugins.IvyPlugin,sbt.plugins.JvmPlugin,sbt.plugins.MiniDependencyTreePlugin,sbt.plugins.JUnitXmlReportPlugin,sbt.plugins.SemanticdbPlugin)
[debug] Plugins.deducer#function took 10.8284 ms
[info] loading settings for project proyectofinal-build from idea.sbt...
[debug]               Load.resolveProject(proyectofinal-build) took 31.2254ms
[debug]             Load.loadTransitive: finalizeProject(Project(id proyectofinal-build, base: C:\Users\lcord\Downloads\proyectoFinal\proyectoFinal\project, plugins: List(<none>))) took 47.5237ms
[debug] [Loading] Done in C:\Users\lcord\Downloads\proyectoFinal\proyectoFinal\project, returning: (proyectofinal-build)
[debug]           Load.loadUnit: loadedProjectsRaw took 1939.1405ms
[debug]           Load.loadUnit: cleanEvalClasses took 7.1385ms
[debug]         Load.loadUnit(file:/C:/Users/lcord/Downloads/proyectoFinal/proyectoFinal/project/, ...) took 2029.2612ms
[debug]       Load.apply: load took 2150.3919ms
[debug]       Load.apply: resolveProjects took 4.6098ms
[debug]       Load.apply: finalTransforms took 42.0867ms
[debug]       Load.apply: config.delegates took 5.0363ms
[debug]       Load.apply: Def.make(settings)... took 246.4912ms
[debug]       Load.apply: structureIndex took 68.1843ms
[debug]       Load.apply: mkStreams took 0.9408ms
[info] loading project definition from C:\Users\lcord\Downloads\proyectoFinal\proyectoFinal\project
[debug] Running task... Cancel: Signal, check cycles: false, forcegc: true
[debug]     Load.loadUnit: plugins took 3773.1942ms
[debug]     Load.loadUnit: defsScala took 0.007ms
[debug] [Loading] Scanning directory C:\Users\lcord\Downloads\proyectoFinal\proyectoFinal
[debug]       Load.loadUnit: mkEval took 0.5328ms
[debug] [Loading] Found root project root w/ remaining 
[debug] deducing auto plugins based on known facts Set(Atom(sbt.plugins.CorePlugin)) and clauses Clauses(Clause(Atom(sbt.plugins.JvmPlugin),Set(Atom(sbt.plugins.IvyPlugin)))
[debug] Clause(Atom(sbt.ScriptedPlugin),Set(Atom(sbt.plugins.JvmPlugin)))
[debug] Clause(Atom(sbt.plugins.SbtPlugin),Set(Atom(sbt.ScriptedPlugin)))
[debug] Clause(Atom(sbt.plugins.SemanticdbPlugin),Set(Atom(sbt.plugins.JvmPlugin)))
[debug] Clause(Atom(sbt.plugins.JUnitXmlReportPlugin),Set(Atom(sbt.plugins.JvmPlugin)))
[debug] Clause(Atom(sbt.plugins.MiniDependencyTreePlugin),Set(Atom(sbt.plugins.JvmPlugin)))
[debug] Clause(Atom(org.jetbrains.sbt.StructurePlugin),Set(Atom(sbt.plugins.JvmPlugin)))
[debug] Clause(Atom(org.jetbrains.sbt.IdeaShellPlugin),Set(Atom(sbt.plugins.JvmPlugin)))
[debug] Clause(Atom(sbt.plugins.CorePlugin),Set(Atom(sbt.plugins.IvyPlugin)))
[debug] Clause(Atom(sbt.plugins.IvyPlugin),Set(Atom(sbt.plugins.JvmPlugin)))
[debug] Clause(Atom(sbt.plugins.JvmPlugin),Set(Atom(sbt.plugins.SemanticdbPlugin)))
[debug] Clause(Atom(sbt.plugins.JvmPlugin),Set(Atom(sbt.plugins.JUnitXmlReportPlugin)))
[debug] Clause(Atom(sbt.plugins.CorePlugin),Set(Atom(sbt.plugins.Giter8TemplatePlugin)))
[debug] Clause(Atom(sbt.plugins.JvmPlugin),Set(Atom(sbt.plugins.MiniDependencyTreePlugin)))
[debug] Clause(Atom(sbt.plugins.JvmPlugin),Set(Atom(org.jetbrains.sbt.StructurePlugin)))
[debug] Clause(Atom(sbt.plugins.JvmPlugin),Set(Atom(org.jetbrains.sbt.IdeaShellPlugin))))
[debug]   :: deduced result: Matched(sbt.plugins.CorePlugin,sbt.plugins.Giter8TemplatePlugin,sbt.plugins.IvyPlugin,sbt.plugins.JvmPlugin,sbt.plugins.SemanticdbPlugin,sbt.plugins.JUnitXmlReportPlugin,org.jetbrains.sbt.IdeaShellPlugin,org.jetbrains.sbt.StructurePlugin,sbt.plugins.MiniDependencyTreePlugin)
[debug] Plugins.deducer#function took 1.3205 ms
[info] loading settings for project root from build.sbt...
[debug]         Load.resolveProject(root) took 20.3829ms
[debug]       Load.loadTransitive: finalizeProject(Project(id root, base: C:\Users\lcord\Downloads\proyectoFinal\proyectoFinal, plugins: List(<none>))) took 22.4541ms
[debug] [Loading] Done in C:\Users\lcord\Downloads\proyectoFinal\proyectoFinal, returning: (root)
[debug]     Load.loadUnit: loadedProjectsRaw took 795.3521ms
[debug]     Load.loadUnit: cleanEvalClasses took 19.5225ms
[debug]   Load.loadUnit(file:/C:/Users/lcord/Downloads/proyectoFinal/proyectoFinal/, ...) took 4589.8628ms
[debug] Load.apply: load took 4607.5028ms
[debug] Load.apply: resolveProjects took 0.0803ms
[debug] Load.apply: finalTransforms took 24.7615ms
[debug] Load.apply: config.delegates took 0.2819ms
[debug] Load.apply: Def.make(settings)... took 62.156ms
[debug] Load.apply: structureIndex took 24.5275ms
[debug] Load.apply: mkStreams took 0.0024ms
[info] set current project to proyectoFinal (in build file:/C:/Users/lcord/Downloads/proyectoFinal/proyectoFinal/)
[debug] > Exec(sbtPopOnFailure, None, None)
[debug] > Exec(resumeFromFailure, None, None)
[debug] > Exec(notifyUsersAboutShell, None, None)
[debug] > Exec(iflast shell, None, None)
[debug] > Exec(idea-shell, None, None)
